# JRE version: OpenJDK Runtime Environment AdoptOpenJDK (11.0.10+9) (build 11.0.10+9)
# Java VM: OpenJDK 64-Bit Server VM AdoptOpenJDK (11.0.10+9, mixed mode, tiered, compressed oops, parallel gc, windows-amd64)
Heap:
 PSYoungGen      total 1536K, used 1005K [0x00000000eab00000, 0x00000000eb600000, 0x0000000100000000)
  eden space 512K, 0% used [0x00000000eab00000,0x00000000eab00000,0x00000000eab80000)
  from space 1024K, 98% used [0x00000000eaf80000,0x00000000eb07b5c0,0x00000000eb080000)
  to   space 4096K, 0% used [0x00000000eab80000,0x00000000eab80000,0x00000000eaf80000)
 ParOldGen       total 107520K, used 107314K [0x00000000c0000000, 0x00000000c6900000, 0x00000000eab00000)
  object space 107520K, 99% used [0x00000000c0000000,0x00000000c68cc930,0x00000000c6900000)
 Metaspace       used 79473K, capacity 82662K, committed 82944K, reserved 1124352K
  class space    used 7256K, capacity 8385K, committed 8448K, reserved 1048576K
GC Heap History (20 events):
Event: 2894.368 GC heap after
{Heap after GC invocations=4201 (full 108):
 PSYoungGen      total 1536K, used 544K [0x00000000eab00000, 0x00000000eae00000, 0x0000000100000000)
  eden space 512K, 0% used [0x00000000eab00000,0x00000000eab00000,0x00000000eab80000)
  from space 1024K, 53% used [0x00000000eab80000,0x00000000eac08000,0x00000000eac80000)
  to   space 1024K, 0% used [0x00000000ead00000,0x00000000ead00000,0x00000000eae00000)
 ParOldGen       total 107520K, used 98864K [0x00000000c0000000, 0x00000000c6900000, 0x00000000eab00000)
  object space 107520K, 91% used [0x00000000c0000000,0x00000000c608c030,0x00000000c6900000)
 Metaspace       used 79469K, capacity 82662K, committed 82944K, reserved 1124352K
  class space    used 7256K, capacity 8385K, committed 8448K, reserved 1048576K
}
Event: 2894.371 GC heap before
{Heap before GC invocations=4202 (full 108):
 PSYoungGen      total 1536K, used 1055K [0x00000000eab00000, 0x00000000eae00000, 0x0000000100000000)
  eden space 512K, 99% used [0x00000000eab00000,0x00000000eab7ff88,0x00000000eab80000)
  from space 1024K, 53% used [0x00000000eab80000,0x00000000eac08000,0x00000000eac80000)
  to   space 1024K, 0% used [0x00000000ead00000,0x00000000ead00000,0x00000000eae00000)
 ParOldGen       total 107520K, used 98864K [0x00000000c0000000, 0x00000000c6900000, 0x00000000eab00000)
  object space 107520K, 91% used [0x00000000c0000000,0x00000000c608c030,0x00000000c6900000)
 Metaspace       used 79469K, capacity 82662K, committed 82944K, reserved 1124352K
  class space    used 7256K, capacity 8385K, committed 8448K, reserved 1048576K
}
Event: 2894.372 GC heap after
{Heap after GC invocations=4202 (full 108):
 PSYoungGen      total 2048K, used 512K [0x00000000eab00000, 0x00000000eae00000, 0x0000000100000000)
  eden space 1024K, 0% used [0x00000000eab00000,0x00000000eab00000,0x00000000eac00000)
  from space 1024K, 50% used [0x00000000ead00000,0x00000000ead80000,0x00000000eae00000)
  to   space 1024K, 0% used [0x00000000eac00000,0x00000000eac00000,0x00000000ead00000)
 ParOldGen       total 107520K, used 99360K [0x00000000c0000000, 0x00000000c6900000, 0x00000000eab00000)
  object space 107520K, 92% used [0x00000000c0000000,0x00000000c6108030,0x00000000c6900000)
 Metaspace       used 79469K, capacity 82662K, committed 82944K, reserved 1124352K
  class space    used 7256K, capacity 8385K, committed 8448K, reserved 1048576K
}
Event: 2894.378 GC heap before
{Heap before GC invocations=4203 (full 108):
 PSYoungGen      total 2048K, used 1536K [0x00000000eab00000, 0x00000000eae00000, 0x0000000100000000)
  eden space 1024K, 100% used [0x00000000eab00000,0x00000000eac00000,0x00000000eac00000)
  from space 1024K, 50% used [0x00000000ead00000,0x00000000ead80000,0x00000000eae00000)
  to   space 1024K, 0% used [0x00000000eac00000,0x00000000eac00000,0x00000000ead00000)
 ParOldGen       total 107520K, used 99360K [0x00000000c0000000, 0x00000000c6900000, 0x00000000eab00000)
  object space 107520K, 92% used [0x00000000c0000000,0x00000000c6108030,0x00000000c6900000)
 Metaspace       used 79469K, capacity 82662K, committed 82944K, reserved 1124352K
  class space    used 7256K, capacity 8385K, committed 8448K, reserved 1048576K
}
Event: 2894.379 GC heap after
{Heap after GC invocations=4203 (full 108):
 PSYoungGen      total 2048K, used 1024K [0x00000000eab00000, 0x00000000eb080000, 0x0000000100000000)
  eden space 1024K, 0% used [0x00000000eab00000,0x00000000eab00000,0x00000000eac00000)
  from space 1024K, 100% used [0x00000000eac00000,0x00000000ead00000,0x00000000ead00000)
  to   space 2048K, 0% used [0x00000000eae80000,0x00000000eae80000,0x00000000eb080000)
 ParOldGen       total 107520K, used 99872K [0x00000000c0000000, 0x00000000c6900000, 0x00000000eab00000)
  object space 107520K, 92% used [0x00000000c0000000,0x00000000c6188030,0x00000000c6900000)
 Metaspace       used 79469K, capacity 82662K, committed 82944K, reserved 1124352K
  class space    used 7256K, capacity 8385K, committed 8448K, reserved 1048576K
}
Event: 2894.385 GC heap before
{Heap before GC invocations=4204 (full 108):
 PSYoungGen      total 2048K, used 2048K [0x00000000eab00000, 0x00000000eb080000, 0x0000000100000000)
  eden space 1024K, 100% used [0x00000000eab00000,0x00000000eac00000,0x00000000eac00000)
  from space 1024K, 100% used [0x00000000eac00000,0x00000000ead00000,0x00000000ead00000)
  to   space 2048K, 0% used [0x00000000eae80000,0x00000000eae80000,0x00000000eb080000)
 ParOldGen       total 107520K, used 99872K [0x00000000c0000000, 0x00000000c6900000, 0x00000000eab00000)
  object space 107520K, 92% used [0x00000000c0000000,0x00000000c6188030,0x00000000c6900000)
 Metaspace       used 79469K, capacity 82662K, committed 82944K, reserved 1124352K
  class space    used 7256K, capacity 8385K, committed 8448K, reserved 1048576K
}
Event: 2894.387 GC heap after
{Heap after GC invocations=4204 (full 108):
 PSYoungGen      total 3072K, used 1056K [0x00000000eab00000, 0x00000000eb000000, 0x0000000100000000)
  eden space 1536K, 0% used [0x00000000eab00000,0x00000000eab00000,0x00000000eac80000)
  from space 1536K, 68% used [0x00000000eae80000,0x00000000eaf88000,0x00000000eb000000)
  to   space 1536K, 0% used [0x00000000ead00000,0x00000000ead00000,0x00000000eae80000)
 ParOldGen       total 107520K, used 100880K [0x00000000c0000000, 0x00000000c6900000, 0x00000000eab00000)
  object space 107520K, 93% used [0x00000000c0000000,0x00000000c6284030,0x00000000c6900000)
 Metaspace       used 79469K, capacity 82662K, committed 82944K, reserved 1124352K
  class space    used 7256K, capacity 8385K, committed 8448K, reserved 1048576K
}
Event: 2894.395 GC heap before
{Heap before GC invocations=4205 (full 108):
 PSYoungGen      total 3072K, used 2591K [0x00000000eab00000, 0x00000000eb000000, 0x0000000100000000)
  eden space 1536K, 99% used [0x00000000eab00000,0x00000000eac7ff90,0x00000000eac80000)
  from space 1536K, 68% used [0x00000000eae80000,0x00000000eaf88000,0x00000000eb000000)
  to   space 1536K, 0% used [0x00000000ead00000,0x00000000ead00000,0x00000000eae80000)
 ParOldGen       total 107520K, used 100880K [0x00000000c0000000, 0x00000000c6900000, 0x00000000eab00000)
  object space 107520K, 93% used [0x00000000c0000000,0x00000000c6284030,0x00000000c6900000)
 Metaspace       used 79469K, capacity 82662K, committed 82944K, reserved 1124352K
  class space    used 7256K, capacity 8385K, committed 8448K, reserved 1048576K
}
Event: 2894.398 GC heap after
{Heap after GC invocations=4205 (full 108):
 PSYoungGen      total 3584K, used 1536K [0x00000000eab00000, 0x00000000eb300000, 0x0000000100000000)
  eden space 2048K, 0% used [0x00000000eab00000,0x00000000eab00000,0x00000000ead00000)
  from space 1536K, 100% used [0x00000000ead00000,0x00000000eae80000,0x00000000eae80000)
  to   space 3072K, 0% used [0x00000000eb000000,0x00000000eb000000,0x00000000eb300000)
 ParOldGen       total 107520K, used 101904K [0x00000000c0000000, 0x00000000c6900000, 0x00000000eab00000)
  object space 107520K, 94% used [0x00000000c0000000,0x00000000c6384030,0x00000000c6900000)
 Metaspace       used 79469K, capacity 82662K, committed 82944K, reserved 1124352K
  class space    used 7256K, capacity 8385K, committed 8448K, reserved 1048576K
}
Event: 2894.405 GC heap before
{Heap before GC invocations=4206 (full 108):
 PSYoungGen      total 3584K, used 3584K [0x00000000eab00000, 0x00000000eb300000, 0x0000000100000000)
  eden space 2048K, 100% used [0x00000000eab00000,0x00000000ead00000,0x00000000ead00000)
  from space 1536K, 100% used [0x00000000ead00000,0x00000000eae80000,0x00000000eae80000)
  to   space 3072K, 0% used [0x00000000eb000000,0x00000000eb000000,0x00000000eb300000)
 ParOldGen       total 107520K, used 101904K [0x00000000c0000000, 0x00000000c6900000, 0x00000000eab00000)
  object space 107520K, 94% used [0x00000000c0000000,0x00000000c6384030,0x00000000c6900000)
 Metaspace       used 79470K, capacity 82662K, committed 82944K, reserved 1124352K
  class space    used 7256K, capacity 8385K, committed 8448K, reserved 1048576K
}
Event: 2894.407 GC heap after
{Heap after GC invocations=4206 (full 108):
 PSYoungGen      total 3584K, used 832K [0x00000000eab00000, 0x00000000eb100000, 0x0000000100000000)
  eden space 2560K, 0% used [0x00000000eab00000,0x00000000eab00000,0x00000000ead80000)
  from space 1024K, 81% used [0x00000000eb000000,0x00000000eb0d0000,0x00000000eb100000)
  to   space 1536K, 0% used [0x00000000eae00000,0x00000000eae00000,0x00000000eaf80000)
 ParOldGen       total 107520K, used 103440K [0x00000000c0000000, 0x00000000c6900000, 0x00000000eab00000)
  object space 107520K, 96% used [0x00000000c0000000,0x00000000c6504030,0x00000000c6900000)
 Metaspace       used 79470K, capacity 82662K, committed 82944K, reserved 1124352K
  class space    used 7256K, capacity 8385K, committed 8448K, reserved 1048576K
}
Event: 2894.416 GC heap before
{Heap before GC invocations=4207 (full 108):
 PSYoungGen      total 3584K, used 3392K [0x00000000eab00000, 0x00000000eb100000, 0x0000000100000000)
  eden space 2560K, 100% used [0x00000000eab00000,0x00000000ead80000,0x00000000ead80000)
  from space 1024K, 81% used [0x00000000eb000000,0x00000000eb0d0000,0x00000000eb100000)
  to   space 1536K, 0% used [0x00000000eae00000,0x00000000eae00000,0x00000000eaf80000)
 ParOldGen       total 107520K, used 103440K [0x00000000c0000000, 0x00000000c6900000, 0x00000000eab00000)
  object space 107520K, 96% used [0x00000000c0000000,0x00000000c6504030,0x00000000c6900000)
 Metaspace       used 79473K, capacity 82662K, committed 82944K, reserved 1124352K
  class space    used 7256K, capacity 8385K, committed 8448K, reserved 1048576K
}
Event: 2894.418 GC heap after
{Heap after GC invocations=4207 (full 108):
 PSYoungGen      total 4608K, used 64K [0x00000000eab00000, 0x00000000eb080000, 0x0000000100000000)
  eden space 3072K, 0% used [0x00000000eab00000,0x00000000eab00000,0x00000000eae00000)
  from space 1536K, 4% used [0x00000000eae00000,0x00000000eae10000,0x00000000eaf80000)
  to   space 512K, 0% used [0x00000000eb000000,0x00000000eb000000,0x00000000eb080000)
 ParOldGen       total 107520K, used 104133K [0x00000000c0000000, 0x00000000c6900000, 0x00000000eab00000)
  object space 107520K, 96% used [0x00000000c0000000,0x00000000c65b14b0,0x00000000c6900000)
 Metaspace       used 79473K, capacity 82662K, committed 82944K, reserved 1124352K
  class space    used 7256K, capacity 8385K, committed 8448K, reserved 1048576K
}
Event: 2899.158 GC heap before
{Heap before GC invocations=4208 (full 108):
 PSYoungGen      total 4608K, used 3136K [0x00000000eab00000, 0x00000000eb080000, 0x0000000100000000)
  eden space 3072K, 100% used [0x00000000eab00000,0x00000000eae00000,0x00000000eae00000)
  from space 1536K, 4% used [0x00000000eae00000,0x00000000eae10000,0x00000000eaf80000)
  to   space 512K, 0% used [0x00000000eb000000,0x00000000eb000000,0x00000000eb080000)
 ParOldGen       total 107520K, used 104133K [0x00000000c0000000, 0x00000000c6900000, 0x00000000eab00000)
  object space 107520K, 96% used [0x00000000c0000000,0x00000000c65b14b0,0x00000000c6900000)
 Metaspace       used 79473K, capacity 82662K, committed 82944K, reserved 1124352K
  class space    used 7256K, capacity 8385K, committed 8448K, reserved 1048576K
}
Event: 2899.161 GC heap after
{Heap after GC invocations=4208 (full 108):
 PSYoungGen      total 3584K, used 493K [0x00000000eab00000, 0x00000000eb200000, 0x0000000100000000)
  eden space 3072K, 0% used [0x00000000eab00000,0x00000000eab00000,0x00000000eae00000)
  from space 512K, 96% used [0x00000000eb000000,0x00000000eb07b5c0,0x00000000eb080000)
  to   space 2048K, 0% used [0x00000000eae00000,0x00000000eae00000,0x00000000eb000000)
 ParOldGen       total 107520K, used 105149K [0x00000000c0000000, 0x00000000c6900000, 0x00000000eab00000)
  object space 107520K, 97% used [0x00000000c0000000,0x00000000c66af4b0,0x00000000c6900000)
 Metaspace       used 79473K, capacity 82662K, committed 82944K, reserved 1124352K
  class space    used 7256K, capacity 8385K, committed 8448K, reserved 1048576K
}
Event: 2899.194 GC heap before
{Heap before GC invocations=4209 (full 108):
 PSYoungGen      total 3584K, used 3561K [0x00000000eab00000, 0x00000000eb200000, 0x0000000100000000)
  eden space 3072K, 99% used [0x00000000eab00000,0x00000000eadfef48,0x00000000eae00000)
  from space 512K, 96% used [0x00000000eb000000,0x00000000eb07b5c0,0x00000000eb080000)
  to   space 2048K, 0% used [0x00000000eae00000,0x00000000eae00000,0x00000000eb000000)
 ParOldGen       total 107520K, used 105149K [0x00000000c0000000, 0x00000000c6900000, 0x00000000eab00000)
  object space 107520K, 97% used [0x00000000c0000000,0x00000000c66af4b0,0x00000000c6900000)
 Metaspace       used 79473K, capacity 82662K, committed 82944K, reserved 1124352K
  class space    used 7256K, capacity 8385K, committed 8448K, reserved 1048576K
}
Event: 2899.196 GC heap after
{Heap after GC invocations=4209 (full 108):
 PSYoungGen      total 3584K, used 96K [0x00000000eab00000, 0x00000000eb080000, 0x0000000100000000)
  eden space 3072K, 0% used [0x00000000eab00000,0x00000000eab00000,0x00000000eae00000)
  from space 512K, 18% used [0x00000000eae00000,0x00000000eae18000,0x00000000eae80000)
  to   space 1024K, 0% used [0x00000000eaf80000,0x00000000eaf80000,0x00000000eb080000)
 ParOldGen       total 107520K, used 105234K [0x00000000c0000000, 0x00000000c6900000, 0x00000000eab00000)
  object space 107520K, 97% used [0x00000000c0000000,0x00000000c66c4930,0x00000000c6900000)
 Metaspace       used 79473K, capacity 82662K, committed 82944K, reserved 1124352K
  class space    used 7256K, capacity 8385K, committed 8448K, reserved 1048576K
}
Event: 2899.213 GC heap before
{Heap before GC invocations=4210 (full 108):
 PSYoungGen      total 3584K, used 3168K [0x00000000eab00000, 0x00000000eb080000, 0x0000000100000000)
  eden space 3072K, 100% used [0x00000000eab00000,0x00000000eae00000,0x00000000eae00000)
  from space 512K, 18% used [0x00000000eae00000,0x00000000eae18000,0x00000000eae80000)
  to   space 1024K, 0% used [0x00000000eaf80000,0x00000000eaf80000,0x00000000eb080000)
 ParOldGen       total 107520K, used 105234K [0x00000000c0000000, 0x00000000c6900000, 0x00000000eab00000)
  object space 107520K, 97% used [0x00000000c0000000,0x00000000c66c4930,0x00000000c6900000)
 Metaspace       used 79473K, capacity 82662K, committed 82944K, reserved 1124352K
  class space    used 7256K, capacity 8385K, committed 8448K, reserved 1048576K
}
Event: 2899.216 GC heap after
{Heap after GC invocations=4210 (full 108):
 PSYoungGen      total 1536K, used 1005K [0x00000000eab00000, 0x00000000eb600000, 0x0000000100000000)
  eden space 512K, 0% used [0x00000000eab00000,0x00000000eab00000,0x00000000eab80000)
  from space 1024K, 98% used [0x00000000eaf80000,0x00000000eb07b5c0,0x00000000eb080000)
  to   space 4096K, 0% used [0x00000000eab80000,0x00000000eab80000,0x00000000eaf80000)
 ParOldGen       total 107520K, used 107314K [0x00000000c0000000, 0x00000000c6900000, 0x00000000eab00000)
  object space 107520K, 99% used [0x00000000c0000000,0x00000000c68cc930,0x00000000c6900000)
 Metaspace       used 79473K, capacity 82662K, committed 82944K, reserved 1124352K
  class space    used 7256K, capacity 8385K, committed 8448K, reserved 1048576K
}
Event: 2899.216 GC heap before
{Heap before GC invocations=4211 (full 109):
 PSYoungGen      total 1536K, used 1005K [0x00000000eab00000, 0x00000000eb600000, 0x0000000100000000)
  eden space 512K, 0% used [0x00000000eab00000,0x00000000eab00000,0x00000000eab80000)
  from space 1024K, 98% used [0x00000000eaf80000,0x00000000eb07b5c0,0x00000000eb080000)
  to   space 4096K, 0% used [0x00000000eab80000,0x00000000eab80000,0x00000000eaf80000)
 ParOldGen       total 107520K, used 107314K [0x00000000c0000000, 0x00000000c6900000, 0x00000000eab00000)
  object space 107520K, 99% used [0x00000000c0000000,0x00000000c68cc930,0x00000000c6900000)
 Metaspace       used 79473K, capacity 82662K, committed 82944K, reserved 1124352K
  class space    used 7256K, capacity 8385K, committed 8448K, reserved 1048576K
}

