# JRE version: OpenJDK Runtime Environment AdoptOpenJDK (11.0.10+9) (build 11.0.10+9)
# Java VM: OpenJDK 64-Bit Server VM AdoptOpenJDK (11.0.10+9, mixed mode, tiered, compressed oops, parallel gc, windows-amd64)
Heap:
 PSYoungGen      total 3072K, used 1779K [0x00000000eab00000, 0x00000000eb000000, 0x0000000100000000)
  eden space 2048K, 54% used [0x00000000eab00000,0x00000000eac14f98,0x00000000ead00000)
  from space 1024K, 65% used [0x00000000eaf00000,0x00000000eafa8000,0x00000000eb000000)
  to   space 1024K, 0% used [0x00000000eae00000,0x00000000eae00000,0x00000000eaf00000)
 ParOldGen       total 68608K, used 54170K [0x00000000c0000000, 0x00000000c4300000, 0x00000000eab00000)
  object space 68608K, 78% used [0x00000000c0000000,0x00000000c34e6a50,0x00000000c4300000)
 Metaspace       used 65864K, capacity 68872K, committed 69140K, reserved 1112064K
  class space    used 6141K, capacity 7219K, committed 7296K, reserved 1048576K
GC Heap History (20 events):
Event: 87.584 GC heap before
{Heap before GC invocations=518 (full 18):
 PSYoungGen      total 5632K, used 5622K [0x00000000eab00000, 0x00000000eb400000, 0x0000000100000000)
  eden space 5120K, 99% used [0x00000000eab00000,0x00000000eafffff0,0x00000000eb000000)
  from space 512K, 98% used [0x00000000eb280000,0x00000000eb2fdae0,0x00000000eb300000)
  to   space 2048K, 0% used [0x00000000eb000000,0x00000000eb000000,0x00000000eb200000)
 ParOldGen       total 69632K, used 64621K [0x00000000c0000000, 0x00000000c4400000, 0x00000000eab00000)
  object space 69632K, 92% used [0x00000000c0000000,0x00000000c3f1b458,0x00000000c4400000)
 Metaspace       used 65760K, capacity 68742K, committed 68884K, reserved 1112064K
  class space    used 6141K, capacity 7219K, committed 7296K, reserved 1048576K
}
Event: 87.588 GC heap after
{Heap after GC invocations=518 (full 18):
 PSYoungGen      total 7168K, used 2048K [0x00000000eab00000, 0x00000000eb900000, 0x0000000100000000)
  eden space 5120K, 0% used [0x00000000eab00000,0x00000000eab00000,0x00000000eb000000)
  from space 2048K, 100% used [0x00000000eb000000,0x00000000eb200000,0x00000000eb200000)
  to   space 4608K, 0% used [0x00000000eb480000,0x00000000eb480000,0x00000000eb900000)
 ParOldGen       total 69632K, used 66571K [0x00000000c0000000, 0x00000000c4400000, 0x00000000eab00000)
  object space 69632K, 95% used [0x00000000c0000000,0x00000000c4102f38,0x00000000c4400000)
 Metaspace       used 65760K, capacity 68742K, committed 68884K, reserved 1112064K
  class space    used 6141K, capacity 7219K, committed 7296K, reserved 1048576K
}
Event: 87.619 GC heap before
{Heap before GC invocations=519 (full 18):
 PSYoungGen      total 7168K, used 7168K [0x00000000eab00000, 0x00000000eb900000, 0x0000000100000000)
  eden space 5120K, 100% used [0x00000000eab00000,0x00000000eb000000,0x00000000eb000000)
  from space 2048K, 100% used [0x00000000eb000000,0x00000000eb200000,0x00000000eb200000)
  to   space 4608K, 0% used [0x00000000eb480000,0x00000000eb480000,0x00000000eb900000)
 ParOldGen       total 69632K, used 66571K [0x00000000c0000000, 0x00000000c4400000, 0x00000000eab00000)
  object space 69632K, 95% used [0x00000000c0000000,0x00000000c4102f38,0x00000000c4400000)
 Metaspace       used 65760K, capacity 68742K, committed 68884K, reserved 1112064K
  class space    used 6141K, capacity 7219K, committed 7296K, reserved 1048576K
}
Event: 87.622 GC heap after
{Heap after GC invocations=519 (full 18):
 PSYoungGen      total 6656K, used 1152K [0x00000000eab00000, 0x00000000eb600000, 0x0000000100000000)
  eden space 5120K, 0% used [0x00000000eab00000,0x00000000eab00000,0x00000000eb000000)
  from space 1536K, 75% used [0x00000000eb480000,0x00000000eb5a0000,0x00000000eb600000)
  to   space 2560K, 0% used [0x00000000eb100000,0x00000000eb100000,0x00000000eb380000)
 ParOldGen       total 69632K, used 68651K [0x00000000c0000000, 0x00000000c4400000, 0x00000000eab00000)
  object space 69632K, 98% used [0x00000000c0000000,0x00000000c430af38,0x00000000c4400000)
 Metaspace       used 65760K, capacity 68742K, committed 68884K, reserved 1112064K
  class space    used 6141K, capacity 7219K, committed 7296K, reserved 1048576K
}
Event: 87.622 GC heap before
{Heap before GC invocations=520 (full 19):
 PSYoungGen      total 6656K, used 1152K [0x00000000eab00000, 0x00000000eb600000, 0x0000000100000000)
  eden space 5120K, 0% used [0x00000000eab00000,0x00000000eab00000,0x00000000eb000000)
  from space 1536K, 75% used [0x00000000eb480000,0x00000000eb5a0000,0x00000000eb600000)
  to   space 2560K, 0% used [0x00000000eb100000,0x00000000eb100000,0x00000000eb380000)
 ParOldGen       total 69632K, used 68651K [0x00000000c0000000, 0x00000000c4400000, 0x00000000eab00000)
  object space 69632K, 98% used [0x00000000c0000000,0x00000000c430af38,0x00000000c4400000)
 Metaspace       used 65760K, capacity 68742K, committed 68884K, reserved 1112064K
  class space    used 6141K, capacity 7219K, committed 7296K, reserved 1048576K
}
Event: 87.693 GC heap after
{Heap after GC invocations=520 (full 19):
 PSYoungGen      total 5632K, used 0K [0x00000000eab00000, 0x00000000eb500000, 0x0000000100000000)
  eden space 5120K, 0% used [0x00000000eab00000,0x00000000eab00000,0x00000000eb000000)
  from space 512K, 0% used [0x00000000eb100000,0x00000000eb100000,0x00000000eb180000)
  to   space 2560K, 0% used [0x00000000eb280000,0x00000000eb280000,0x00000000eb500000)
 ParOldGen       total 68608K, used 44154K [0x00000000c0000000, 0x00000000c4300000, 0x00000000eab00000)
  object space 68608K, 64% used [0x00000000c0000000,0x00000000c2b1e898,0x00000000c4300000)
 Metaspace       used 65760K, capacity 68742K, committed 68884K, reserved 1112064K
  class space    used 6141K, capacity 7219K, committed 7296K, reserved 1048576K
}
Event: 87.724 GC heap before
{Heap before GC invocations=521 (full 19):
 PSYoungGen      total 5632K, used 5120K [0x00000000eab00000, 0x00000000eb500000, 0x0000000100000000)
  eden space 5120K, 100% used [0x00000000eab00000,0x00000000eb000000,0x00000000eb000000)
  from space 512K, 0% used [0x00000000eb100000,0x00000000eb100000,0x00000000eb180000)
  to   space 2560K, 0% used [0x00000000eb280000,0x00000000eb280000,0x00000000eb500000)
 ParOldGen       total 68608K, used 44154K [0x00000000c0000000, 0x00000000c4300000, 0x00000000eab00000)
  object space 68608K, 64% used [0x00000000c0000000,0x00000000c2b1e898,0x00000000c4300000)
 Metaspace       used 65766K, capacity 68742K, committed 68884K, reserved 1112064K
  class space    used 6141K, capacity 7219K, committed 7296K, reserved 1048576K
}
Event: 87.725 GC heap after
{Heap after GC invocations=521 (full 19):
 PSYoungGen      total 5632K, used 448K [0x00000000eab00000, 0x00000000eb300000, 0x0000000100000000)
  eden space 5120K, 0% used [0x00000000eab00000,0x00000000eab00000,0x00000000eb000000)
  from space 512K, 87% used [0x00000000eb280000,0x00000000eb2f0000,0x00000000eb300000)
  to   space 1024K, 0% used [0x00000000eb100000,0x00000000eb100000,0x00000000eb200000)
 ParOldGen       total 68608K, used 44154K [0x00000000c0000000, 0x00000000c4300000, 0x00000000eab00000)
  object space 68608K, 64% used [0x00000000c0000000,0x00000000c2b1e898,0x00000000c4300000)
 Metaspace       used 65766K, capacity 68742K, committed 68884K, reserved 1112064K
  class space    used 6141K, capacity 7219K, committed 7296K, reserved 1048576K
}
Event: 87.917 GC heap before
{Heap before GC invocations=522 (full 19):
 PSYoungGen      total 5632K, used 5568K [0x00000000eab00000, 0x00000000eb300000, 0x0000000100000000)
  eden space 5120K, 100% used [0x00000000eab00000,0x00000000eb000000,0x00000000eb000000)
  from space 512K, 87% used [0x00000000eb280000,0x00000000eb2f0000,0x00000000eb300000)
  to   space 1024K, 0% used [0x00000000eb100000,0x00000000eb100000,0x00000000eb200000)
 ParOldGen       total 68608K, used 44154K [0x00000000c0000000, 0x00000000c4300000, 0x00000000eab00000)
  object space 68608K, 64% used [0x00000000c0000000,0x00000000c2b1e898,0x00000000c4300000)
 Metaspace       used 65775K, capacity 68742K, committed 68884K, reserved 1112064K
  class space    used 6141K, capacity 7219K, committed 7296K, reserved 1048576K
}
Event: 87.920 GC heap after
{Heap after GC invocations=522 (full 19):
 PSYoungGen      total 6144K, used 64K [0x00000000eab00000, 0x00000000eb300000, 0x0000000100000000)
  eden space 5120K, 0% used [0x00000000eab00000,0x00000000eab00000,0x00000000eb000000)
  from space 1024K, 6% used [0x00000000eb100000,0x00000000eb110000,0x00000000eb200000)
  to   space 512K, 0% used [0x00000000eb280000,0x00000000eb280000,0x00000000eb300000)
 ParOldGen       total 68608K, used 44562K [0x00000000c0000000, 0x00000000c4300000, 0x00000000eab00000)
  object space 68608K, 64% used [0x00000000c0000000,0x00000000c2b84898,0x00000000c4300000)
 Metaspace       used 65775K, capacity 68742K, committed 68884K, reserved 1112064K
  class space    used 6141K, capacity 7219K, committed 7296K, reserved 1048576K
}
Event: 88.829 GC heap before
{Heap before GC invocations=523 (full 19):
 PSYoungGen      total 6144K, used 5184K [0x00000000eab00000, 0x00000000eb300000, 0x0000000100000000)
  eden space 5120K, 100% used [0x00000000eab00000,0x00000000eb000000,0x00000000eb000000)
  from space 1024K, 6% used [0x00000000eb100000,0x00000000eb110000,0x00000000eb200000)
  to   space 512K, 0% used [0x00000000eb280000,0x00000000eb280000,0x00000000eb300000)
 ParOldGen       total 68608K, used 44562K [0x00000000c0000000, 0x00000000c4300000, 0x00000000eab00000)
  object space 68608K, 64% used [0x00000000c0000000,0x00000000c2b84898,0x00000000c4300000)
 Metaspace       used 65803K, capacity 68807K, committed 68884K, reserved 1112064K
  class space    used 6141K, capacity 7219K, committed 7296K, reserved 1048576K
}
Event: 88.831 GC heap after
{Heap after GC invocations=523 (full 19):
 PSYoungGen      total 5632K, used 512K [0x00000000eab00000, 0x00000000eb300000, 0x0000000100000000)
  eden space 5120K, 0% used [0x00000000eab00000,0x00000000eab00000,0x00000000eb000000)
  from space 512K, 100% used [0x00000000eb280000,0x00000000eb300000,0x00000000eb300000)
  to   space 1536K, 0% used [0x00000000eb000000,0x00000000eb000000,0x00000000eb180000)
 ParOldGen       total 68608K, used 44957K [0x00000000c0000000, 0x00000000c4300000, 0x00000000eab00000)
  object space 68608K, 65% used [0x00000000c0000000,0x00000000c2be7758,0x00000000c4300000)
 Metaspace       used 65803K, capacity 68807K, committed 68884K, reserved 1112064K
  class space    used 6141K, capacity 7219K, committed 7296K, reserved 1048576K
}
Event: 88.852 GC heap before
{Heap before GC invocations=524 (full 19):
 PSYoungGen      total 5632K, used 5632K [0x00000000eab00000, 0x00000000eb300000, 0x0000000100000000)
  eden space 5120K, 100% used [0x00000000eab00000,0x00000000eb000000,0x00000000eb000000)
  from space 512K, 100% used [0x00000000eb280000,0x00000000eb300000,0x00000000eb300000)
  to   space 1536K, 0% used [0x00000000eb000000,0x00000000eb000000,0x00000000eb180000)
 ParOldGen       total 68608K, used 44957K [0x00000000c0000000, 0x00000000c4300000, 0x00000000eab00000)
  object space 68608K, 65% used [0x00000000c0000000,0x00000000c2be7758,0x00000000c4300000)
 Metaspace       used 65816K, capacity 68808K, committed 69140K, reserved 1112064K
  class space    used 6141K, capacity 7219K, committed 7296K, reserved 1048576K
}
Event: 88.855 GC heap after
{Heap after GC invocations=524 (full 19):
 PSYoungGen      total 6656K, used 496K [0x00000000eab00000, 0x00000000eb300000, 0x0000000100000000)
  eden space 5120K, 0% used [0x00000000eab00000,0x00000000eab00000,0x00000000eb000000)
  from space 1536K, 32% used [0x00000000eb000000,0x00000000eb07c010,0x00000000eb180000)
  to   space 1024K, 0% used [0x00000000eb200000,0x00000000eb200000,0x00000000eb300000)
 ParOldGen       total 68608K, used 45442K [0x00000000c0000000, 0x00000000c4300000, 0x00000000eab00000)
  object space 68608K, 66% used [0x00000000c0000000,0x00000000c2c60b98,0x00000000c4300000)
 Metaspace       used 65816K, capacity 68808K, committed 69140K, reserved 1112064K
  class space    used 6141K, capacity 7219K, committed 7296K, reserved 1048576K
}
Event: 89.204 GC heap before
{Heap before GC invocations=525 (full 19):
 PSYoungGen      total 6656K, used 5616K [0x00000000eab00000, 0x00000000eb300000, 0x0000000100000000)
  eden space 5120K, 100% used [0x00000000eab00000,0x00000000eb000000,0x00000000eb000000)
  from space 1536K, 32% used [0x00000000eb000000,0x00000000eb07c010,0x00000000eb180000)
  to   space 1024K, 0% used [0x00000000eb200000,0x00000000eb200000,0x00000000eb300000)
 ParOldGen       total 68608K, used 45442K [0x00000000c0000000, 0x00000000c4300000, 0x00000000eab00000)
  object space 68608K, 66% used [0x00000000c0000000,0x00000000c2c60b98,0x00000000c4300000)
 Metaspace       used 65817K, capacity 68808K, committed 69140K, reserved 1112064K
  class space    used 6141K, capacity 7219K, committed 7296K, reserved 1048576K
}
Event: 89.207 GC heap after
{Heap after GC invocations=525 (full 19):
 PSYoungGen      total 6144K, used 848K [0x00000000eab00000, 0x00000000eb300000, 0x0000000100000000)
  eden space 5120K, 0% used [0x00000000eab00000,0x00000000eab00000,0x00000000eb000000)
  from space 1024K, 82% used [0x00000000eb200000,0x00000000eb2d4010,0x00000000eb300000)
  to   space 1024K, 0% used [0x00000000eb100000,0x00000000eb100000,0x00000000eb200000)
 ParOldGen       total 68608K, used 45458K [0x00000000c0000000, 0x00000000c4300000, 0x00000000eab00000)
  object space 68608K, 66% used [0x00000000c0000000,0x00000000c2c64b98,0x00000000c4300000)
 Metaspace       used 65817K, capacity 68808K, committed 69140K, reserved 1112064K
  class space    used 6141K, capacity 7219K, committed 7296K, reserved 1048576K
}
Event: 89.246 GC heap before
{Heap before GC invocations=526 (full 19):
 PSYoungGen      total 6144K, used 5968K [0x00000000eab00000, 0x00000000eb300000, 0x0000000100000000)
  eden space 5120K, 100% used [0x00000000eab00000,0x00000000eb000000,0x00000000eb000000)
  from space 1024K, 82% used [0x00000000eb200000,0x00000000eb2d4010,0x00000000eb300000)
  to   space 1024K, 0% used [0x00000000eb100000,0x00000000eb100000,0x00000000eb200000)
 ParOldGen       total 68608K, used 45458K [0x00000000c0000000, 0x00000000c4300000, 0x00000000eab00000)
  object space 68608K, 66% used [0x00000000c0000000,0x00000000c2c64b98,0x00000000c4300000)
 Metaspace       used 65832K, capacity 68808K, committed 69140K, reserved 1112064K
  class space    used 6141K, capacity 7219K, committed 7296K, reserved 1048576K
}
Event: 89.247 GC heap after
{Heap after GC invocations=526 (full 19):
 PSYoungGen      total 6144K, used 848K [0x00000000eab00000, 0x00000000eb280000, 0x0000000100000000)
  eden space 5120K, 0% used [0x00000000eab00000,0x00000000eab00000,0x00000000eb000000)
  from space 1024K, 82% used [0x00000000eb100000,0x00000000eb1d4010,0x00000000eb200000)
  to   space 512K, 0% used [0x00000000eb200000,0x00000000eb200000,0x00000000eb280000)
 ParOldGen       total 68608K, used 45482K [0x00000000c0000000, 0x00000000c4300000, 0x00000000eab00000)
  object space 68608K, 66% used [0x00000000c0000000,0x00000000c2c6ab98,0x00000000c4300000)
 Metaspace       used 65832K, capacity 68808K, committed 69140K, reserved 1112064K
  class space    used 6141K, capacity 7219K, committed 7296K, reserved 1048576K
}
Event: 89.270 GC heap before
{Heap before GC invocations=527 (full 19):
 PSYoungGen      total 6144K, used 5968K [0x00000000eab00000, 0x00000000eb280000, 0x0000000100000000)
  eden space 5120K, 100% used [0x00000000eab00000,0x00000000eb000000,0x00000000eb000000)
  from space 1024K, 82% used [0x00000000eb100000,0x00000000eb1d4010,0x00000000eb200000)
  to   space 512K, 0% used [0x00000000eb200000,0x00000000eb200000,0x00000000eb280000)
 ParOldGen       total 68608K, used 45482K [0x00000000c0000000, 0x00000000c4300000, 0x00000000eab00000)
  object space 68608K, 66% used [0x00000000c0000000,0x00000000c2c6ab98,0x00000000c4300000)
 Metaspace       used 65840K, capacity 68808K, committed 69140K, reserved 1112064K
  class space    used 6141K, capacity 7219K, committed 7296K, reserved 1048576K
}
Event: 89.271 GC heap after
{Heap after GC invocations=527 (full 19):
 PSYoungGen      total 5632K, used 512K [0x00000000eab00000, 0x00000000eb300000, 0x0000000100000000)
  eden space 5120K, 0% used [0x00000000eab00000,0x00000000eab00000,0x00000000eb000000)
  from space 512K, 100% used [0x00000000eb200000,0x00000000eb280000,0x00000000eb280000)
  to   space 1536K, 0% used [0x00000000eb000000,0x00000000eb000000,0x00000000eb180000)
 ParOldGen       total 68608K, used 46200K [0x00000000c0000000, 0x00000000c4300000, 0x00000000eab00000)
  object space 68608K, 67% used [0x00000000c0000000,0x00000000c2d1e2e8,0x00000000c4300000)
 Metaspace       used 65840K, capacity 68808K, committed 69140K, reserved 1112064K
  class space    used 6141K, capacity 7219K, committed 7296K, reserved 1048576K
}

